<?xml version="1.0" encoding="UTF-8"?>
<!-- Generated by org.testng.reporters.JUnitXMLReporter -->
<testsuite hostname="GT-TR-JEHANZAIB" name="UpdateServer" tests="1" failures="1" timestamp="15 Sep 2017 05:48:05 GMT" time="4.63" errors="0">
  <testcase name="restart" time="4.622" classname="cloudautomation.ServerFunction">
    <failure type="org.openqa.selenium.WebDriverException" message="unknown error: Element &amp;lt;button class=&amp;quot;restart_115211 md-button md-button&amp;quot; type=&amp;quot;button&amp;quot; ng-transclude=&amp;quot;&amp;quot; aria-label=&amp;quot;Server Restart&amp;quot; ng-click=&amp;quot;action(&amp;apos;restartServer&amp;apos;, server.id, &amp;apos;&amp;apos;, &amp;apos;&amp;apos;, isRestartDisabled)&amp;quot; ng-class=&amp;quot;{&amp;apos;disable-md-btn cursor-default&amp;apos;:isRestartDisabled}&amp;quot; ng-readonly=&amp;quot;true&amp;quot; readonly=&amp;quot;readonly&amp;quot;&amp;gt;...&amp;lt;/button&amp;gt; is not clickable at point (836, 363). Other element would receive the click: &amp;lt;md-backdrop class=&amp;quot;md-menu-backdrop md-click-catcher ng-scope&amp;quot; style=&amp;quot;height: 623px; position: fixed;&amp;quot;&amp;gt;&amp;lt;/md-backdrop&amp;gt;
  (Session info: chrome=60.0.3112.113)
  (Driver info: chromedriver=2.30.477700 (0057494ad8732195794a7b32078424f92a5fce41),platform=Windows NT 10.0.15063 x86_64) (WARNING: The server did not provide any stacktrace information)
Command duration or timeout: 93 milliseconds
Build info: version: &amp;apos;3.4.0&amp;apos;, revision: &amp;apos;unknown&amp;apos;, time: &amp;apos;unknown&amp;apos;
System info: host: &amp;apos;GT-TR-JEHANZAIB&amp;apos;, ip: &amp;apos;192.168.53.81&amp;apos;, os.name: &amp;apos;Windows 10&amp;apos;, os.arch: &amp;apos;amd64&amp;apos;, os.version: &amp;apos;10.0&amp;apos;, java.version: &amp;apos;1.8.0_144&amp;apos;
Driver info: org.openqa.selenium.chrome.ChromeDriver
Capabilities [{applicationCacheEnabled=false, rotatable=false, mobileEmulationEnabled=false, networkConnectionEnabled=false, chrome={chromedriverVersion=2.30.477700 (0057494ad8732195794a7b32078424f92a5fce41), userDataDir=C:\Users\SHAFIQ~1\AppData\Local\Temp\scoped_dir7668_508}, takesHeapSnapshot=true, pageLoadStrategy=normal, databaseEnabled=false, handlesAlerts=true, hasTouchScreen=false, version=60.0.3112.113, platform=XP, browserConnectionEnabled=false, nativeEvents=true, acceptSslCerts=true, locationContextEnabled=true, webStorageEnabled=true, browserName=chrome, takesScreenshot=true, javascriptEnabled=true, cssSelectorsEnabled=true, unexpectedAlertBehaviour=}]
Session ID: 29d7e9966aa2840d98d302488a645037">
      <![CDATA[org.openqa.selenium.WebDriverException: unknown error: Element <button class="restart_115211 md-button md-button" type="button" ng-transclude="" aria-label="Server Restart" ng-click="action('restartServer', server.id, '', '', isRestartDisabled)" ng-class="{'disable-md-btn cursor-default':isRestartDisabled}" ng-readonly="true" readonly="readonly">...</button> is not clickable at point (836, 363). Other element would receive the click: <md-backdrop class="md-menu-backdrop md-click-catcher ng-scope" style="height: 623px; position: fixed;"></md-backdrop>
  (Session info: chrome=60.0.3112.113)
  (Driver info: chromedriver=2.30.477700 (0057494ad8732195794a7b32078424f92a5fce41),platform=Windows NT 10.0.15063 x86_64) (WARNING: The server did not provide any stacktrace information)
Command duration or timeout: 93 milliseconds
Build info: version: '3.4.0', revision: 'unknown', time: 'unknown'
System info: host: 'GT-TR-JEHANZAIB', ip: '192.168.53.81', os.name: 'Windows 10', os.arch: 'amd64', os.version: '10.0', java.version: '1.8.0_144'
Driver info: org.openqa.selenium.chrome.ChromeDriver
Capabilities [{applicationCacheEnabled=false, rotatable=false, mobileEmulationEnabled=false, networkConnectionEnabled=false, chrome={chromedriverVersion=2.30.477700 (0057494ad8732195794a7b32078424f92a5fce41), userDataDir=C:\Users\SHAFIQ~1\AppData\Local\Temp\scoped_dir7668_508}, takesHeapSnapshot=true, pageLoadStrategy=normal, databaseEnabled=false, handlesAlerts=true, hasTouchScreen=false, version=60.0.3112.113, platform=XP, browserConnectionEnabled=false, nativeEvents=true, acceptSslCerts=true, locationContextEnabled=true, webStorageEnabled=true, browserName=chrome, takesScreenshot=true, javascriptEnabled=true, cssSelectorsEnabled=true, unexpectedAlertBehaviour=}]
Session ID: 29d7e9966aa2840d98d302488a645037
	at org.openqa.selenium.remote.ErrorHandler.createThrowable(ErrorHandler.java:215)
	at org.openqa.selenium.remote.ErrorHandler.throwIfResponseFailed(ErrorHandler.java:167)
	at org.openqa.selenium.remote.RemoteWebDriver.execute(RemoteWebDriver.java:671)
	at org.openqa.selenium.remote.RemoteWebElement.execute(RemoteWebElement.java:272)
	at org.openqa.selenium.remote.RemoteWebElement.click(RemoteWebElement.java:82)
	at cloudautomation.ServerFunction.restart(ServerFunction.java:14)
... Removed 29 stack frames]]>
    </failure>
  </testcase> <!-- restart -->
</testsuite> <!-- UpdateServer -->
