<?xml version="1.0" encoding="UTF-8"?>
<testng-results skipped="0" failed="0" total="2" passed="2">
  <reporter-output>
  </reporter-output>
  <suite name="SimpleLogin" duration-ms="27478" started-at="2017-09-12T08:38:52Z" finished-at="2017-09-12T08:39:19Z">
    <groups>
    </groups>
    <test name="ServerLoader" duration-ms="16768" started-at="2017-09-12T08:38:52Z" finished-at="2017-09-12T08:39:09Z">
      <class name="cloudautomation.ServerLoader">
        <test-method status="PASS" signature="beforeTest()[pri:0, instance:cloudautomation.ServerLoader@4439f31e]" name="beforeTest" is-config="true" duration-ms="16763" started-at="2017-09-12T13:38:52Z" finished-at="2017-09-12T13:39:09Z">
          <reporter-output>
          </reporter-output>
        </test-method> <!-- beforeTest -->
      </class> <!-- cloudautomation.ServerLoader -->
    </test> <!-- ServerLoader -->
    <test name="Login" duration-ms="10688" started-at="2017-09-12T08:39:09Z" finished-at="2017-09-12T08:39:19Z">
      <class name="cloudautomation.Login">
        <test-method status="PASS" signature="LoginUser()[pri:0, instance:cloudautomation.Login@1593948d]" name="LoginUser" duration-ms="1865" started-at="2017-09-12T13:39:09Z" finished-at="2017-09-12T13:39:11Z">
          <reporter-output>
          </reporter-output>
        </test-method> <!-- LoginUser -->
        <test-method status="PASS" signature="step2()[pri:0, instance:cloudautomation.Login@1593948d]" name="step2" duration-ms="8802" started-at="2017-09-12T13:39:11Z" finished-at="2017-09-12T13:39:19Z">
          <reporter-output>
          </reporter-output>
        </test-method> <!-- step2 -->
      </class> <!-- cloudautomation.Login -->
    </test> <!-- Login -->
  </suite> <!-- SimpleLogin -->
</testng-results>
